<?xml version="1.0" encoding="UTF-8"?>
<coverage generated="1573400108587" clover="3.2.0">
  <project timestamp="1573400108587" name="All files">
    <metrics statements="38" coveredstatements="20" conditionals="0" coveredconditionals="0" methods="16" coveredmethods="10" elements="54" coveredelements="30" complexity="0" loc="38" ncloc="38" packages="1" files="5" classes="5"/>
    <file name="customer.handler.js" path="/Users/aymeric/Documents/Aymeric/boilerplate-node-api/src/modules/customer/customer.handler.js">
      <metrics statements="10" coveredstatements="10" conditionals="0" coveredconditionals="0" methods="4" coveredmethods="4"/>
      <line num="3" count="1" type="stmt"/>
      <line num="4" count="1" type="stmt"/>
      <line num="9" count="1" type="stmt"/>
      <line num="10" count="1" type="stmt"/>
      <line num="11" count="1" type="stmt"/>
      <line num="17" count="1" type="stmt"/>
      <line num="18" count="1" type="stmt"/>
      <line num="19" count="1" type="stmt"/>
      <line num="24" count="1" type="stmt"/>
      <line num="31" count="1" type="stmt"/>
    </file>
    <file name="customer.repository.js" path="/Users/aymeric/Documents/Aymeric/boilerplate-node-api/src/modules/customer/customer.repository.js">
      <metrics statements="4" coveredstatements="4" conditionals="0" coveredconditionals="0" methods="3" coveredmethods="3"/>
      <line num="3" count="1" type="stmt"/>
      <line num="6" count="1" type="stmt"/>
      <line num="8" count="1" type="stmt"/>
      <line num="13" count="1" type="stmt"/>
    </file>
    <file name="customer.router.js" path="/Users/aymeric/Documents/Aymeric/boilerplate-node-api/src/modules/customer/customer.router.js">
      <metrics statements="5" coveredstatements="0" conditionals="0" coveredconditionals="0" methods="4" coveredmethods="0"/>
      <line num="3" count="0" type="stmt"/>
      <line num="6" count="0" type="stmt"/>
      <line num="9" count="0" type="stmt"/>
      <line num="11" count="0" type="stmt"/>
      <line num="18" count="0" type="stmt"/>
    </file>
    <file name="customer.service.js" path="/Users/aymeric/Documents/Aymeric/boilerplate-node-api/src/modules/customer/customer.service.js">
      <metrics statements="6" coveredstatements="6" conditionals="0" coveredconditionals="0" methods="3" coveredmethods="3"/>
      <line num="3" count="1" type="stmt"/>
      <line num="4" count="1" type="stmt"/>
      <line num="7" count="1" type="stmt"/>
      <line num="8" count="1" type="stmt"/>
      <line num="10" count="1" type="stmt"/>
      <line num="16" count="1" type="stmt"/>
    </file>
    <file name="index.js" path="/Users/aymeric/Documents/Aymeric/boilerplate-node-api/src/modules/customer/index.js">
      <metrics statements="13" coveredstatements="0" conditionals="0" coveredconditionals="0" methods="2" coveredmethods="0"/>
      <line num="1" count="0" type="stmt"/>
      <line num="2" count="0" type="stmt"/>
      <line num="3" count="0" type="stmt"/>
      <line num="4" count="0" type="stmt"/>
      <line num="7" count="0" type="stmt"/>
      <line num="8" count="0" type="stmt"/>
      <line num="9" count="0" type="stmt"/>
      <line num="13" count="0" type="stmt"/>
      <line num="14" count="0" type="stmt"/>
      <line num="15" count="0" type="stmt"/>
      <line num="16" count="0" type="stmt"/>
      <line num="17" count="0" type="stmt"/>
      <line num="21" count="0" type="stmt"/>
    </file>
  </project>
</coverage>
