{"/Users/aymeric/Documents/Aymeric/boilerplate-node-api/src/modules/customer/customer.handler.js": {"path":"/Users/aymeric/Documents/Aymeric/boilerplate-node-api/src/modules/customer/customer.handler.js","statementMap":{"0":{"start":{"line":3,"column":21},"end":{"line":3,"column":47}},"1":{"start":{"line":4,"column":4},"end":{"line":6,"column":22}},"2":{"start":{"line":9,"column":21},"end":{"line":9,"column":31}},"3":{"start":{"line":10,"column":20},"end":{"line":10,"column":53}},"4":{"start":{"line":11,"column":4},"end":{"line":13,"column":21}},"5":{"start":{"line":17,"column":19},"end":{"line":17,"column":29}},"6":{"start":{"line":18,"column":21},"end":{"line":18,"column":46}},"7":{"start":{"line":19,"column":4},"end":{"line":21,"column":22}},"8":{"start":{"line":24,"column":2},"end":{"line":28,"column":4}},"9":{"start":{"line":31,"column":0},"end":{"line":31,"column":33}}},"fnMap":{"0":{"name":"customerHandler","decl":{"start":{"line":1,"column":9},"end":{"line":1,"column":24}},"loc":{"start":{"line":1,"column":34},"end":{"line":29,"column":1}},"line":1},"1":{"name":"helloWorld","decl":{"start":{"line":2,"column":11},"end":{"line":2,"column":21}},"loc":{"start":{"line":2,"column":34},"end":{"line":7,"column":3}},"line":2},"2":{"name":"sendFormatMessage","decl":{"start":{"line":8,"column":17},"end":{"line":8,"column":34}},"loc":{"start":{"line":8,"column":47},"end":{"line":14,"column":3}},"line":8},"3":{"name":"getById","decl":{"start":{"line":16,"column":17},"end":{"line":16,"column":24}},"loc":{"start":{"line":16,"column":37},"end":{"line":22,"column":3}},"line":16}},"branchMap":{},"s":{"0":1,"1":1,"2":1,"3":1,"4":1,"5":1,"6":1,"7":1,"8":1,"9":1},"f":{"0":1,"1":1,"2":1,"3":1},"b":{},"_coverageSchema":"43e27e138ebf9cfc5966b082cf9a028302ed4184","hash":"8ac6038b8ada14184ca6512141c1eb9ad87a971c"}
,"/Users/aymeric/Documents/Aymeric/boilerplate-node-api/src/modules/customer/customer.repository.js": {"path":"/Users/aymeric/Documents/Aymeric/boilerplate-node-api/src/modules/customer/customer.repository.js","statementMap":{"0":{"start":{"line":3,"column":4},"end":{"line":6,"column":33}},"1":{"start":{"line":6,"column":20},"end":{"line":6,"column":31}},"2":{"start":{"line":8,"column":2},"end":{"line":10,"column":4}},"3":{"start":{"line":13,"column":0},"end":{"line":13,"column":36}}},"fnMap":{"0":{"name":"customerRepository","decl":{"start":{"line":1,"column":9},"end":{"line":1,"column":27}},"loc":{"start":{"line":1,"column":38},"end":{"line":11,"column":1}},"line":1},"1":{"name":"getCustomerById","decl":{"start":{"line":2,"column":11},"end":{"line":2,"column":26}},"loc":{"start":{"line":2,"column":31},"end":{"line":7,"column":3}},"line":2},"2":{"name":"(anonymous_2)","decl":{"start":{"line":6,"column":11},"end":{"line":6,"column":12}},"loc":{"start":{"line":6,"column":20},"end":{"line":6,"column":31}},"line":6}},"branchMap":{},"s":{"0":1,"1":1,"2":1,"3":1},"f":{"0":1,"1":1,"2":1},"b":{},"_coverageSchema":"43e27e138ebf9cfc5966b082cf9a028302ed4184","hash":"8df1ff93ab0ff691f1354df5de5a0e9a919bbafa"}
,"/Users/aymeric/Documents/Aymeric/boilerplate-node-api/src/modules/customer/customer.router.js": {"path":"/Users/aymeric/Documents/Aymeric/boilerplate-node-api/src/modules/customer/customer.router.js","statementMap":{"0":{"start":{"line":3,"column":4},"end":{"line":3,"column":49}},"1":{"start":{"line":6,"column":4},"end":{"line":6,"column":61}},"2":{"start":{"line":9,"column":4},"end":{"line":9,"column":49}},"3":{"start":{"line":11,"column":2},"end":{"line":15,"column":4}},"4":{"start":{"line":18,"column":0},"end":{"line":18,"column":32}}},"fnMap":{"0":{"name":"customerRouter","decl":{"start":{"line":1,"column":9},"end":{"line":1,"column":23}},"loc":{"start":{"line":1,"column":50},"end":{"line":16,"column":1}},"line":1},"1":{"name":"getAll","decl":{"start":{"line":2,"column":11},"end":{"line":2,"column":17}},"loc":{"start":{"line":2,"column":20},"end":{"line":4,"column":3}},"line":2},"2":{"name":"getMessage","decl":{"start":{"line":5,"column":11},"end":{"line":5,"column":21}},"loc":{"start":{"line":5,"column":24},"end":{"line":7,"column":3}},"line":5},"3":{"name":"getById","decl":{"start":{"line":8,"column":11},"end":{"line":8,"column":18}},"loc":{"start":{"line":8,"column":21},"end":{"line":10,"column":3}},"line":8}},"branchMap":{},"s":{"0":0,"1":0,"2":0,"3":0,"4":0},"f":{"0":0,"1":0,"2":0,"3":0},"b":{},"hash":"800b67140b05d4f34a499fd3e147cfb389425bcf"}
,"/Users/aymeric/Documents/Aymeric/boilerplate-node-api/src/modules/customer/customer.service.js": {"path":"/Users/aymeric/Documents/Aymeric/boilerplate-node-api/src/modules/customer/customer.service.js","statementMap":{"0":{"start":{"line":3,"column":20},"end":{"line":3,"column":35}},"1":{"start":{"line":4,"column":4},"end":{"line":4,"column":23}},"2":{"start":{"line":7,"column":18},"end":{"line":7,"column":54}},"3":{"start":{"line":8,"column":4},"end":{"line":8,"column":17}},"4":{"start":{"line":10,"column":2},"end":{"line":13,"column":4}},"5":{"start":{"line":16,"column":0},"end":{"line":16,"column":33}}},"fnMap":{"0":{"name":"customerService","decl":{"start":{"line":1,"column":9},"end":{"line":1,"column":24}},"loc":{"start":{"line":1,"column":37},"end":{"line":14,"column":1}},"line":1},"1":{"name":"formatMessage","decl":{"start":{"line":2,"column":11},"end":{"line":2,"column":24}},"loc":{"start":{"line":2,"column":31},"end":{"line":5,"column":3}},"line":2},"2":{"name":"getById","decl":{"start":{"line":6,"column":17},"end":{"line":6,"column":24}},"loc":{"start":{"line":6,"column":29},"end":{"line":9,"column":3}},"line":6}},"branchMap":{},"s":{"0":1,"1":1,"2":1,"3":1,"4":1,"5":1},"f":{"0":1,"1":1,"2":1},"b":{},"_coverageSchema":"43e27e138ebf9cfc5966b082cf9a028302ed4184","hash":"21f818b09dac36b8893269e0ba71547cdb0b2674"}
,"/Users/aymeric/Documents/Aymeric/boilerplate-node-api/src/modules/customer/index.js": {"path":"/Users/aymeric/Documents/Aymeric/boilerplate-node-api/src/modules/customer/index.js","statementMap":{"0":{"start":{"line":1,"column":27},"end":{"line":1,"column":59}},"1":{"start":{"line":2,"column":24},"end":{"line":2,"column":53}},"2":{"start":{"line":3,"column":24},"end":{"line":3,"column":53}},"3":{"start":{"line":4,"column":23},"end":{"line":4,"column":51}},"4":{"start":{"line":7,"column":2},"end":{"line":7,"column":19}},"5":{"start":{"line":8,"column":2},"end":{"line":8,"column":23}},"6":{"start":{"line":9,"column":2},"end":{"line":9,"column":20}},"7":{"start":{"line":13,"column":21},"end":{"line":13,"column":49}},"8":{"start":{"line":14,"column":19},"end":{"line":14,"column":46}},"9":{"start":{"line":15,"column":19},"end":{"line":15,"column":44}},"10":{"start":{"line":16,"column":18},"end":{"line":16,"column":51}},"11":{"start":{"line":17,"column":2},"end":{"line":17,"column":18}},"12":{"start":{"line":21,"column":0},"end":{"line":23,"column":2}}},"fnMap":{"0":{"name":"launch","decl":{"start":{"line":6,"column":9},"end":{"line":6,"column":15}},"loc":{"start":{"line":6,"column":25},"end":{"line":10,"column":1}},"line":6},"1":{"name":"initModuleCustomer","decl":{"start":{"line":12,"column":9},"end":{"line":12,"column":27}},"loc":{"start":{"line":12,"column":51},"end":{"line":18,"column":1}},"line":12}},"branchMap":{},"s":{"0":0,"1":0,"2":0,"3":0,"4":0,"5":0,"6":0,"7":0,"8":0,"9":0,"10":0,"11":0,"12":0},"f":{"0":0,"1":0},"b":{},"hash":"166399d6b688334c7a170a02555c4aa51b96eb5e"}
}
