TN:
SF:/Users/aymeric/Documents/Aymeric/boilerplate-node-api/src/modules/customer/customer.handler.js
FN:1,customerHandler
FN:2,helloWorld
FN:8,sendFormatMessage
FN:16,getById
FNF:4
FNH:4
FNDA:1,customerHandler
FNDA:1,helloWorld
FNDA:1,sendFormatMessage
FNDA:1,getById
DA:3,1
DA:4,1
DA:9,1
DA:10,1
DA:11,1
DA:17,1
DA:18,1
DA:19,1
DA:24,1
DA:31,1
LF:10
LH:10
BRF:0
BRH:0
end_of_record
TN:
SF:/Users/aymeric/Documents/Aymeric/boilerplate-node-api/src/modules/customer/customer.repository.js
FN:1,customerRepository
FN:2,getCustomerById
FN:6,(anonymous_2)
FNF:3
FNH:3
FNDA:1,customerRepository
FNDA:1,getCustomerById
FNDA:1,(anonymous_2)
DA:3,1
DA:6,1
DA:8,1
DA:13,1
LF:4
LH:4
BRF:0
BRH:0
end_of_record
TN:
SF:/Users/aymeric/Documents/Aymeric/boilerplate-node-api/src/modules/customer/customer.router.js
FN:1,customerRouter
FN:2,getAll
FN:5,getMessage
FN:8,getById
FNF:4
FNH:0
FNDA:0,customerRouter
FNDA:0,getAll
FNDA:0,getMessage
FNDA:0,getById
DA:3,0
DA:6,0
DA:9,0
DA:11,0
DA:18,0
LF:5
LH:0
BRF:0
BRH:0
end_of_record
TN:
SF:/Users/aymeric/Documents/Aymeric/boilerplate-node-api/src/modules/customer/customer.service.js
FN:1,customerService
FN:2,formatMessage
FN:6,getById
FNF:3
FNH:3
FNDA:1,customerService
FNDA:1,formatMessage
FNDA:1,getById
DA:3,1
DA:4,1
DA:7,1
DA:8,1
DA:10,1
DA:16,1
LF:6
LH:6
BRF:0
BRH:0
end_of_record
TN:
SF:/Users/aymeric/Documents/Aymeric/boilerplate-node-api/src/modules/customer/index.js
FN:6,launch
FN:12,initModuleCustomer
FNF:2
FNH:0
FNDA:0,launch
FNDA:0,initModuleCustomer
DA:1,0
DA:2,0
DA:3,0
DA:4,0
DA:7,0
DA:8,0
DA:9,0
DA:13,0
DA:14,0
DA:15,0
DA:16,0
DA:17,0
DA:21,0
LF:13
LH:0
BRF:0
BRH:0
end_of_record
